<?xml version="1.0" encoding="UTF-8"?>
<!-- Generated by org.testng.reporters.JUnitXMLReporter -->
<testsuite hostname="Ustores-MacBook-Pro.local" ignored="0" name="Test" tests="3" failures="0" timestamp="19 Mar 2021 14:16:56 GMT" time="10.034" errors="0">
  <testcase name="testloginAPIWithIncorrectCredentials" time="4.593" classname="com.jakartalabs.fullstack_automation.APITests"/>
  <testcase name="testloginAPI" time="6.606" classname="com.jakartalabs.fullstack_automation.APITests"/>
  <testcase name="testDashboardAPI" time="3.381" classname="com.jakartalabs.fullstack_automation.APITests"/>
</testsuite> <!-- Test -->
