<?xml version="1.0" encoding="UTF-8"?>
<testng-results skipped="0" failed="0" ignored="6" total="7" passed="1">
  <reporter-output>
  </reporter-output>
  <suite name="Default suite" duration-ms="47387" started-at="2021-03-20T07:48:51Z" finished-at="2021-03-20T07:49:38Z">
    <groups>
    </groups>
    <test name="Default test" duration-ms="47387" started-at="2021-03-20T07:48:51Z" finished-at="2021-03-20T07:49:38Z">
      <class name="com.jakartalabs.fullstack_automation.WebTests">
        <test-method status="PASS" signature="setUpSystemUnderTest()[pri:0, instance:com.jakartalabs.fullstack_automation.WebTests@358ee631]" name="setUpSystemUnderTest" is-config="true" duration-ms="28110" started-at="2021-03-20T07:48:51Z" finished-at="2021-03-20T07:49:19Z">
          <reporter-output>
          </reporter-output>
        </test-method> <!-- setUpSystemUnderTest -->
        <test-method status="PASS" signature="login()[pri:0, instance:com.jakartalabs.fullstack_automation.WebTests@358ee631]" name="login" duration-ms="18480" started-at="2021-03-20T07:49:19Z" finished-at="2021-03-20T07:49:38Z">
          <reporter-output>
          </reporter-output>
        </test-method> <!-- login -->
        <test-method status="PASS" signature="cleanUp(org.testng.ITestResult)[pri:0, instance:com.jakartalabs.fullstack_automation.WebTests@358ee631]" name="cleanUp" is-config="true" duration-ms="693" started-at="2021-03-20T07:49:38Z" finished-at="2021-03-20T07:49:38Z">
          <params>
            <param index="0">
              <value>
                <![CDATA[[TestResult name=login status=SUCCESS method=WebTests.login()[pri:0, instance:com.jakartalabs.fullstack_automation.WebTests@358ee631] output={null}]]]>
              </value>
            </param>
          </params>
          <reporter-output>
          </reporter-output>
        </test-method> <!-- cleanUp -->
      </class> <!-- com.jakartalabs.fullstack_automation.WebTests -->
    </test> <!-- Default test -->
  </suite> <!-- Default suite -->
</testng-results>
